  Sphere.cpp
C:\Users\Alex\Desktop\GLFW_GLAD_GLUT_GLEW_cmake_project\src\ProyectoFinal\Sphere.cpp(134,5): warning C4267: 'inicializando': conversión de 'size_t' a 'int'; posible pérdida de datos
C:\Users\Alex\Desktop\GLFW_GLAD_GLUT_GLEW_cmake_project\src\ProyectoFinal\Sphere.cpp(284,26): warning C4244: 'inicializando': conversión de 'double' a 'float'; posible pérdida de datos
C:\Users\Alex\Desktop\GLFW_GLAD_GLUT_GLEW_cmake_project\src\ProyectoFinal\Sphere.cpp(284,20): warning C4244: 'inicializando': conversión de 'double' a 'const float'; posible pérdida de datos
C:\Users\Alex\Desktop\GLFW_GLAD_GLUT_GLEW_cmake_project\src\ProyectoFinal\Sphere.cpp(374,26): warning C4244: 'inicializando': conversión de 'double' a 'float'; posible pérdida de datos
C:\Users\Alex\Desktop\GLFW_GLAD_GLUT_GLEW_cmake_project\src\ProyectoFinal\Sphere.cpp(374,20): warning C4244: 'inicializando': conversión de 'double' a 'const float'; posible pérdida de datos
  main.cpp
C:\Users\Alex\Desktop\GLFW_GLAD_GLUT_GLEW_cmake_project\src\ProyectoFinal\solar_system.h(22,109): warning C4305: 'inicializando': truncamiento de 'double' a 'float'
C:\Users\Alex\Desktop\GLFW_GLAD_GLUT_GLEW_cmake_project\src\ProyectoFinal\solar_system.h(23,103): warning C4305: 'inicializando': truncamiento de 'double' a 'float'
C:\Users\Alex\Desktop\GLFW_GLAD_GLUT_GLEW_cmake_project\src\ProyectoFinal\solar_system.h(61,1): warning C4267: 'inicializando': conversión de 'size_t' a 'int'; posible pérdida de datos
C:\Users\Alex\Desktop\GLFW_GLAD_GLUT_GLEW_cmake_project\src\ProyectoFinal\solar_system.h(89,1): warning C4267: 'inicializando': conversión de 'size_t' a 'int'; posible pérdida de datos
C:\Users\Alex\Desktop\GLFW_GLAD_GLUT_GLEW_cmake_project\src\ProyectoFinal\solar_system.h(103,1): warning C4305: 'argumento': truncamiento de 'double' a 'float'
C:\Users\Alex\Desktop\GLFW_GLAD_GLUT_GLEW_cmake_project\src\ProyectoFinal\solar_system.h(104,1): warning C4305: 'argumento': truncamiento de 'double' a 'float'
C:\Users\Alex\Desktop\GLFW_GLAD_GLUT_GLEW_cmake_project\src\ProyectoFinal\solar_system.h(105,1): warning C4305: 'argumento': truncamiento de 'double' a 'float'
C:\Users\Alex\Desktop\GLFW_GLAD_GLUT_GLEW_cmake_project\src\ProyectoFinal\solar_system.h(106,1): warning C4305: 'argumento': truncamiento de 'double' a 'float'
C:\Users\Alex\Desktop\GLFW_GLAD_GLUT_GLEW_cmake_project\src\ProyectoFinal\solar_system.h(107,1): warning C4305: 'argumento': truncamiento de 'double' a 'float'
C:\Users\Alex\Desktop\GLFW_GLAD_GLUT_GLEW_cmake_project\src\ProyectoFinal\solar_system.h(108,1): warning C4305: 'argumento': truncamiento de 'double' a 'float'
C:\Users\Alex\Desktop\GLFW_GLAD_GLUT_GLEW_cmake_project\src\ProyectoFinal\solar_system.h(109,1): warning C4305: 'argumento': truncamiento de 'double' a 'float'
C:\Users\Alex\Desktop\GLFW_GLAD_GLUT_GLEW_cmake_project\src\ProyectoFinal\solar_system.h(110,1): warning C4305: 'argumento': truncamiento de 'double' a 'float'
C:\Users\Alex\Desktop\GLFW_GLAD_GLUT_GLEW_cmake_project\src\ProyectoFinal\solar_system.h(111,1): warning C4305: 'argumento': truncamiento de 'double' a 'float'
C:\Users\Alex\Desktop\GLFW_GLAD_GLUT_GLEW_cmake_project\src\ProyectoFinal\solar_system.h(115,1): warning C4305: 'argumento': truncamiento de 'double' a 'float'
C:\Users\Alex\Desktop\GLFW_GLAD_GLUT_GLEW_cmake_project\src\ProyectoFinal\solar_system.h(116,1): warning C4305: 'argumento': truncamiento de 'double' a 'float'
C:\Users\Alex\Desktop\GLFW_GLAD_GLUT_GLEW_cmake_project\src\ProyectoFinal\solar_system.h(117,1): warning C4305: 'argumento': truncamiento de 'double' a 'float'
C:\Users\Alex\Desktop\GLFW_GLAD_GLUT_GLEW_cmake_project\src\ProyectoFinal\solar_system.h(118,1): warning C4305: 'argumento': truncamiento de 'double' a 'float'
C:\Users\Alex\Desktop\GLFW_GLAD_GLUT_GLEW_cmake_project\src\ProyectoFinal\solar_system.h(119,1): warning C4305: 'argumento': truncamiento de 'double' a 'float'
C:\Users\Alex\Desktop\GLFW_GLAD_GLUT_GLEW_cmake_project\src\ProyectoFinal\solar_system.h(120,1): warning C4305: 'argumento': truncamiento de 'double' a 'float'
C:\Users\Alex\Desktop\GLFW_GLAD_GLUT_GLEW_cmake_project\src\ProyectoFinal\solar_system.h(121,1): warning C4305: 'argumento': truncamiento de 'double' a 'float'
C:\Users\Alex\Desktop\GLFW_GLAD_GLUT_GLEW_cmake_project\src\ProyectoFinal\solar_system.h(122,1): warning C4305: 'argumento': truncamiento de 'double' a 'float'
C:\Users\Alex\Desktop\GLFW_GLAD_GLUT_GLEW_cmake_project\src\ProyectoFinal\solar_system.h(123,1): warning C4305: 'argumento': truncamiento de 'double' a 'float'
C:\Users\Alex\Desktop\GLFW_GLAD_GLUT_GLEW_cmake_project\src\ProyectoFinal\solar_system.h(138,85): warning C4244: 'argumento': conversión de 'double' a 'float'; posible pérdida de datos
C:\Users\Alex\Desktop\GLFW_GLAD_GLUT_GLEW_cmake_project\src\ProyectoFinal\solar_system.h(140,85): warning C4244: 'argumento': conversión de 'double' a 'float'; posible pérdida de datos
C:\Users\Alex\Desktop\GLFW_GLAD_GLUT_GLEW_cmake_project\src\ProyectoFinal\solar_system.h(142,85): warning C4244: 'argumento': conversión de 'double' a 'float'; posible pérdida de datos
C:\Users\Alex\Desktop\GLFW_GLAD_GLUT_GLEW_cmake_project\src\ProyectoFinal\solar_system.h(144,85): warning C4244: 'argumento': conversión de 'double' a 'float'; posible pérdida de datos
C:\Users\Alex\Desktop\GLFW_GLAD_GLUT_GLEW_cmake_project\src\ProyectoFinal\solar_system.h(146,85): warning C4244: 'argumento': conversión de 'double' a 'float'; posible pérdida de datos
C:\Users\Alex\Desktop\GLFW_GLAD_GLUT_GLEW_cmake_project\src\ProyectoFinal\solar_system.h(151,1): warning C4267: 'inicializando': conversión de 'size_t' a 'int'; posible pérdida de datos
C:\Users\Alex\Desktop\GLFW_GLAD_GLUT_GLEW_cmake_project\src\ProyectoFinal\solar_system.h(181,1): warning C4267: 'inicializando': conversión de 'size_t' a 'int'; posible pérdida de datos
C:\Users\Alex\Desktop\GLFW_GLAD_GLUT_GLEW_cmake_project\src\ProyectoFinal\solar_system.h(188,1): warning C4267: 'inicializando': conversión de 'size_t' a 'int'; posible pérdida de datos
C:\Users\Alex\Desktop\GLFW_GLAD_GLUT_GLEW_cmake_project\src\ProyectoFinal\solar_system.h(203,1): warning C4267: 'argumento': conversión de 'size_t' a 'GLsizei'; posible pérdida de datos
C:\Users\Alex\Desktop\GLFW_GLAD_GLUT_GLEW_cmake_project\src\ProyectoFinal\solar_system.h(205,1): warning C4267: 'inicializando': conversión de 'size_t' a 'int'; posible pérdida de datos
C:\Users\Alex\Desktop\GLFW_GLAD_GLUT_GLEW_cmake_project\src\ProyectoFinal\solar_system.h(212,1): warning C4267: 'inicializando': conversión de 'size_t' a 'int'; posible pérdida de datos
C:\Users\Alex\Desktop\GLFW_GLAD_GLUT_GLEW_cmake_project\src\ProyectoFinal\solar_system.h(230,1): warning C4267: 'inicializando': conversión de 'size_t' a 'int'; posible pérdida de datos
C:\Users\Alex\Desktop\GLFW_GLAD_GLUT_GLEW_cmake_project\src\ProyectoFinal\solar_system.h(234,1): warning C4267: 'inicializando': conversión de 'size_t' a 'int'; posible pérdida de datos
C:\Users\Alex\Desktop\GLFW_GLAD_GLUT_GLEW_cmake_project\src\ProyectoFinal\solar_system.h(249,1): warning C4267: 'argumento': conversión de 'size_t' a 'GLsizei'; posible pérdida de datos
C:\Users\Alex\Desktop\GLFW_GLAD_GLUT_GLEW_cmake_project\src\ProyectoFinal\solar_system.h(253,1): warning C4267: 'inicializando': conversión de 'size_t' a 'int'; posible pérdida de datos
C:\Users\Alex\Desktop\GLFW_GLAD_GLUT_GLEW_cmake_project\src\ProyectoFinal\main.cpp(240,13): warning C4267: 'inicializando': conversión de 'size_t' a 'int'; posible pérdida de datos
C:\Users\Alex\Desktop\GLFW_GLAD_GLUT_GLEW_cmake_project\src\ProyectoFinal\main.cpp(259,13): warning C4267: 'inicializando': conversión de 'size_t' a 'int'; posible pérdida de datos
C:\Users\Alex\Desktop\GLFW_GLAD_GLUT_GLEW_cmake_project\src\ProyectoFinal\main.cpp(290,71): warning C4244: '=': conversión de 'int' a 'float'; posible pérdida de datos
  Generando código...
LINK : warning LNK4098: la biblioteca predeterminada'LIBCMTD' entra en conflicto con otras bibliotecas; use la biblioteca /NODEFAULTLIB:biblioteca
  ProyectoFinal_glfw.vcxproj -> C:\Users\Alex\Desktop\GLFW_GLAD_GLUT_GLEW_cmake_project\build\mak.vc16\x64\src\ProyectoFinal\Release\ProyectoFinal_glfw.exe
